#
# A fatal error has been detected by the Java Runtime Environment:
#
#  EXCEPTION_ACCESS_VIOLATION (0xc0000005) at pc=0x0000000180005b00, pid=17004, tid=0x0000000000004258
#
# JRE version: Java(TM) SE Runtime Environment (8.0_271-b09) (build 1.8.0_271-b09)
# Java VM: Java HotSpot(TM) 64-Bit Server VM (25.271-b09 mixed mode windows-amd64 compressed oops)
# Problematic frame:
# C  [rxtxSerial.dll+0x5b00]
#
# Failed to write core dump. Minidumps are not enabled by default on client versions of Windows
#
# If you would like to submit a bug report, please visit:
#   http://bugreport.java.com/bugreport/crash.jsp
# The crash happened outside the Java Virtual Machine in native code.
# See problematic frame for where to report the bug.
#

---------------  T H R E A D  ---------------

Current thread (0x000001bc6fd1e800):  JavaThread "InputStreamThread" [_thread_in_native, id=16984, stack(0x0000009cf5900000,0x0000009cf5a00000)]

siginfo: ExceptionCode=0xc0000005, reading address 0xfffffffff58feda8

Registers:
RAX=0x0000000000000001, RBX=0x0000000000000000, RCX=0x000000018001d4d5, RDX=0xfffffffffffff665
RSP=0x0000009cf59ff560, RBP=0x00000000ffffffff, RSI=0x0000000000000000, RDI=0x000001bc6fd1e9f8
R8 =0x0000000000000002, R9 =0xfffffffffffff63c, R10=0x0000000000000010, R11=0x8101010101010100
R12=0xfffffffff58feda0, R13=0x0000000000000001, R14=0x0000009cf59ff6f8, R15=0x0000000000000000
RIP=0x0000000180005b00, EFLAGS=0x0000000000010202

Top of Stack: (sp=0x0000009cf59ff560)
0x0000009cf59ff560:   0000000000000000 fffffffff58feda0
0x0000009cf59ff570:   0000000000000000 0000000000000000
0x0000009cf59ff580:   000001bc6fd1e800 0000009cf59ff6f8
0x0000009cf59ff590:   000001bc6d5dd518 0000009cf59ff6f8
0x0000009cf59ff5a0:   ffffffffffffffff 0000000000000001
0x0000009cf59ff5b0:   000001bc6fbd59c8 0000000180005f3f
0x0000009cf59ff5c0:   000001bc6fd1e9f8 000001bc6fbd59c8
0x0000009cf59ff5d0:   0000000000000001 0000009cf59ff5f0
0x0000009cf59ff5e0:   0000009c00000001 00000000ffffffff
0x0000009cf59ff5f0:   000001bc6d5dd520 0000009cf59ff6f8
0x0000009cf59ff600:   000001bc6d5dd520 000001bc6fd1e800
0x0000009cf59ff610:   000001bc6d5dd520 000001bc6fd1e800
0x0000009cf59ff620:   000001bc5934837d 0000000000000118
0x0000009cf59ff630:   000001bc6d5dd520 000001bc59359da6
0x0000009cf59ff640:   00001b565895195b 000001bc6d5dd520
0x0000009cf59ff650:   0000000000000000 000001bc5934837d 

Instructions: (pc=0x0000000180005b00)
0x0000000180005ae0:   15 23 7a 01 00 48 8d 48 60 e8 3a 5d 00 00 4c 8b
0x0000000180005af0:   e5 8b ac 24 88 00 00 00 44 8b ac 24 80 00 00 00
0x0000000180005b00:   45 8b 74 24 08 41 89 5c 24 08 41 8b fd 85 ed 78
0x0000000180005b10:   09 ff 15 e9 14 01 00 44 8b f8 45 85 ed 7e 4a 90 


Register to memory mapping:

RAX=0x0000000000000001 is an unknown value
RBX=0x0000000000000000 is an unknown value
RCX=0x000000018001d4d5 is an unknown value
RDX=0xfffffffffffff665 is an unknown value
RSP=0x0000009cf59ff560 is pointing into the stack for thread: 0x000001bc6fd1e800
RBP=0x00000000ffffffff is an unallocated location in the heap
RSI=0x0000000000000000 is an unknown value
RDI=0x000001bc6fd1e9f8 is an unknown value
R8 =0x0000000000000002 is an unknown value
R9 =0xfffffffffffff63c is an unknown value
R10=0x0000000000000010 is an unknown value
R11=0x8101010101010100 is an unknown value
R12=0xfffffffff58feda0 is an unknown value
R13=0x0000000000000001 is an unknown value
R14=0x0000009cf59ff6f8 is pointing into the stack for thread: 0x000001bc6fd1e800
R15=0x0000000000000000 is an unknown value


Stack: [0x0000009cf5900000,0x0000009cf5a00000],  sp=0x0000009cf59ff560,  free space=1021k
Native frames: (J=compiled Java code, j=interpreted, Vv=VM code, C=native code)
C  [rxtxSerial.dll+0x5b00]
C  [rxtxSerial.dll+0x5f3f]
C  0x000001bc59359f4e

Java frames: (J=compiled Java code, j=interpreted, Vv=VM code)
j  gnu.io.RXTXPort.readByte()I+0
j  gnu.io.RXTXPort$SerialInputStream.read()I+61
j  com.rapplogic.xbee.api.InputStreamThread.run()V+45
j  java.lang.Thread.run()V+11
v  ~StubRoutines::call_stub

---------------  P R O C E S S  ---------------

Java Threads: ( => current thread )
=>0x000001bc6fd1e800 JavaThread "InputStreamThread" [_thread_in_native, id=16984, stack(0x0000009cf5900000,0x0000009cf5a00000)]
  0x000001bc6fddc000 JavaThread "Thread-0" [_thread_blocked, id=9132, stack(0x0000009cf5800000,0x0000009cf5900000)]
  0x000001bc6faa8800 JavaThread "Service Thread" daemon [_thread_blocked, id=11704, stack(0x0000009cf5600000,0x0000009cf5700000)]
  0x000001bc6e6d1800 JavaThread "C1 CompilerThread3" daemon [_thread_blocked, id=16184, stack(0x0000009cf5500000,0x0000009cf5600000)]
  0x000001bc6e6ce000 JavaThread "C2 CompilerThread2" daemon [_thread_blocked, id=16608, stack(0x0000009cf5400000,0x0000009cf5500000)]
  0x000001bc6e6c6000 JavaThread "C2 CompilerThread1" daemon [_thread_blocked, id=16472, stack(0x0000009cf5300000,0x0000009cf5400000)]
  0x000001bc6e6c0800 JavaThread "C2 CompilerThread0" daemon [_thread_blocked, id=5052, stack(0x0000009cf5200000,0x0000009cf5300000)]
  0x000001bc6e6be800 JavaThread "Attach Listener" daemon [_thread_blocked, id=7372, stack(0x0000009cf5100000,0x0000009cf5200000)]
  0x000001bc6e6bb800 JavaThread "Signal Dispatcher" daemon [_thread_blocked, id=6968, stack(0x0000009cf5000000,0x0000009cf5100000)]
  0x000001bc6e6a0000 JavaThread "Finalizer" daemon [_thread_blocked, id=5736, stack(0x0000009cf4f00000,0x0000009cf5000000)]
  0x000001bc6da8a000 JavaThread "Reference Handler" daemon [_thread_blocked, id=13300, stack(0x0000009cf4e00000,0x0000009cf4f00000)]
  0x000001bc57ac4800 JavaThread "main" [_thread_blocked, id=16240, stack(0x0000009cf4400000,0x0000009cf4500000)]

Other Threads:
  0x000001bc6e672800 VMThread [stack: 0x0000009cf4d00000,0x0000009cf4e00000] [id=13568]
  0x000001bc6fad3800 WatcherThread [stack: 0x0000009cf5700000,0x0000009cf5800000] [id=16496]

VM state:not at safepoint (normal execution)

VM Mutex/Monitor currently owned by a thread: None

heap address: 0x0000000080a00000, size: 2038 MB, Compressed Oops mode: 32-bit
Narrow klass base: 0x0000000000000000, Narrow klass shift: 3
Compressed class space size: 1073741824 Address: 0x0000000100000000

Heap:
 PSYoungGen      total 38400K, used 5993K [0x00000000d5900000, 0x00000000d8380000, 0x0000000100000000)
  eden space 33280K, 18% used [0x00000000d5900000,0x00000000d5eda730,0x00000000d7980000)
  from space 5120K, 0% used [0x00000000d7e80000,0x00000000d7e80000,0x00000000d8380000)
  to   space 5120K, 0% used [0x00000000d7980000,0x00000000d7980000,0x00000000d7e80000)
 ParOldGen       total 87552K, used 0K [0x0000000080a00000, 0x0000000085f80000, 0x00000000d5900000)
  object space 87552K, 0% used [0x0000000080a00000,0x0000000080a00000,0x0000000085f80000)
 Metaspace       used 3900K, capacity 4992K, committed 5120K, reserved 1056768K
  class space    used 460K, capacity 496K, committed 512K, reserved 1048576K

Card table byte_map: [0x000001bc68700000,0x000001bc68b00000] byte_map_base: 0x000001bc682fb000

Marking Bits: (ParMarkBitMap*) 0x000000006b417fe0
 Begin Bits: [0x000001bc68db0000, 0x000001bc6ad88000)
 End Bits:   [0x000001bc6ad88000, 0x000001bc6cd60000)

Polling page: 0x000001bc57a60000

CodeCache: size=245760Kb used=1643Kb max_used=1643Kb free=244116Kb
 bounds [0x000001bc59340000, 0x000001bc595b0000, 0x000001bc68340000]
 total_blobs=464 nmethods=216 adapters=161
 compilation: enabled

Compilation events (10 events):
Event: 20.908 Thread 0x000001bc6e6c6000 nmethod 207 0x000001bc594d6910 code [0x000001bc594d6a60, 0x000001bc594d6bd8]
Event: 20.908 Thread 0x000001bc6e6d1800 nmethod 212 0x000001bc594d63d0 code [0x000001bc594d6540, 0x000001bc594d67b8]
Event: 20.935 Thread 0x000001bc6e6d1800  213       3       java.lang.ref.SoftReference::<init> (13 bytes)
Event: 20.936 Thread 0x000001bc6e6d1800 nmethod 213 0x000001bc594d81d0 code [0x000001bc594d8340, 0x000001bc594d8638]
Event: 20.938 Thread 0x000001bc6e6d1800  214   !   3       sun.misc.URLClassPath$FileLoader::getResource (164 bytes)
Event: 20.940 Thread 0x000001bc6e6d1800 nmethod 214 0x000001bc594dae50 code [0x000001bc594db180, 0x000001bc594dc9d0]
Event: 20.940 Thread 0x000001bc6e6d1800  216       1       java.lang.reflect.Field::getName (5 bytes)
Event: 20.940 Thread 0x000001bc6e6d1800 nmethod 216 0x000001bc594d7f10 code [0x000001bc594d8060, 0x000001bc594d8178]
Event: 20.940 Thread 0x000001bc6e6d1800  215       1       java.nio.Buffer::limit (5 bytes)
Event: 20.940 Thread 0x000001bc6e6d1800 nmethod 215 0x000001bc594d7c50 code [0x000001bc594d7da0, 0x000001bc594d7eb8]

GC Heap History (0 events):
No events

Deoptimization events (1 events):
Event: 0.210 Thread 0x000001bc57ac4800 Uncommon trap: reason=unstable_if action=reinterpret pc=0x000001bc5948ea70 method=java.lang.String.indexOf([CII[CIII)I @ 134

Classes redefined (0 events):
No events

Internal exceptions (10 events):
Event: 0.179 Thread 0x000001bc57ac4800 Exception <a 'java/lang/ClassNotFoundException': org/apache/log4j/AppenderSkeletonBeanInfo> (0x00000000d5bd4e30) thrown at [C:\jenkins\workspace\8-2-build-windows-amd64-cygwin\jdk8u271\605\hotspot\src\share\vm\classfile\systemDictionary.cpp, line 212]
Event: 0.180 Thread 0x000001bc57ac4800 Exception <a 'java/lang/ClassNotFoundException': org/apache/log4j/AppenderSkeletonCustomizer> (0x00000000d5bd9900) thrown at [C:\jenkins\workspace\8-2-build-windows-amd64-cygwin\jdk8u271\605\hotspot\src\share\vm\classfile\systemDictionary.cpp, line 212]
Event: 0.182 Thread 0x000001bc57ac4800 Exception <a 'java/lang/ClassNotFoundException': org/apache/log4j/WriterAppenderCustomizer> (0x00000000d5bf1640) thrown at [C:\jenkins\workspace\8-2-build-windows-amd64-cygwin\jdk8u271\605\hotspot\src\share\vm\classfile\systemDictionary.cpp, line 212]
Event: 0.183 Thread 0x000001bc57ac4800 Exception <a 'java/lang/ClassNotFoundException': org/apache/log4j/FileAppenderCustomizer> (0x00000000d5c023b0) thrown at [C:\jenkins\workspace\8-2-build-windows-amd64-cygwin\jdk8u271\605\hotspot\src\share\vm\classfile\systemDictionary.cpp, line 212]
Event: 0.185 Thread 0x000001bc57ac4800 Exception <a 'java/lang/ClassNotFoundException': org/apache/log4j/RollingFileAppenderCustomizer> (0x00000000d5c13858) thrown at [C:\jenkins\workspace\8-2-build-windows-amd64-cygwin\jdk8u271\605\hotspot\src\share\vm\classfile\systemDictionary.cpp, line 212
Event: 0.192 Thread 0x000001bc57ac4800 Exception <a 'java/lang/NullPointerException'> (0x00000000d5c600f8) thrown at [C:\jenkins\workspace\8-2-build-windows-amd64-cygwin\jdk8u271\605\hotspot\src\share\vm\interpreter\linkResolver.cpp, line 1185]
Event: 0.209 Thread 0x000001bc57ac4800 Exception <a 'java/io/FileNotFoundException'> (0x00000000d5caad38) thrown at [C:\jenkins\workspace\8-2-build-windows-amd64-cygwin\jdk8u271\605\hotspot\src\share\vm\prims\jni.cpp, line 710]
Event: 10.588 Thread 0x000001bc57ac4800 Exception <a 'java/io/FileNotFoundException'> (0x00000000d5cc45e0) thrown at [C:\jenkins\workspace\8-2-build-windows-amd64-cygwin\jdk8u271\605\hotspot\src\share\vm\prims\jni.cpp, line 710]
Event: 10.589 Thread 0x000001bc57ac4800 Exception <a 'java/io/FileNotFoundException'> (0x00000000d5cd6210) thrown at [C:\jenkins\workspace\8-2-build-windows-amd64-cygwin\jdk8u271\605\hotspot\src\share\vm\prims\jni.cpp, line 710]
Event: 20.904 Thread 0x000001bc57ac4800 Exception <a 'java/io/FileNotFoundException'> (0x00000000d5cef4c8) thrown at [C:\jenkins\workspace\8-2-build-windows-amd64-cygwin\jdk8u271\605\hotspot\src\share\vm\prims\jni.cpp, line 710]

Events (10 events):
Event: 20.939 loading class sun/nio/ch/Interruptible
Event: 20.939 loading class sun/nio/ch/Interruptible done
Event: 74.435 loading class gnu/io/SerialPortEvent
Event: 74.435 loading class gnu/io/SerialPortEvent done
Event: 74.435 loading class java/util/EventObject
Event: 74.435 loading class java/util/EventObject done
Event: 74.435 Executing VM operation: RevokeBias
Event: 74.436 Executing VM operation: RevokeBias done
Event: 74.437 Executing VM operation: RevokeBias
Event: 74.437 Executing VM operation: RevokeBias done


Dynamic libraries:
0x00007ff6111b0000 - 0x00007ff6111f7000 	C:\Program Files\Java\jre1.8.0_271\bin\javaw.exe
0x00007fff9d750000 - 0x00007fff9d945000 	C:\WINDOWS\SYSTEM32\ntdll.dll
0x00007fff9d280000 - 0x00007fff9d33d000 	C:\WINDOWS\System32\KERNEL32.DLL
0x00007fff9aef0000 - 0x00007fff9b1b9000 	C:\WINDOWS\System32\KERNELBASE.dll
0x00007fff9d1d0000 - 0x00007fff9d27c000 	C:\WINDOWS\System32\ADVAPI32.dll
0x00007fff9bfd0000 - 0x00007fff9c06e000 	C:\WINDOWS\System32\msvcrt.dll
0x00007fff9c700000 - 0x00007fff9c79c000 	C:\WINDOWS\System32\sechost.dll
0x00007fff9c5c0000 - 0x00007fff9c6eb000 	C:\WINDOWS\System32\RPCRT4.dll
0x00007fff9c7a0000 - 0x00007fff9c940000 	C:\WINDOWS\System32\USER32.dll
0x00007fff9aec0000 - 0x00007fff9aee2000 	C:\WINDOWS\System32\win32u.dll
0x00007fff9d5e0000 - 0x00007fff9d60a000 	C:\WINDOWS\System32\GDI32.dll
0x00007fff9b5f0000 - 0x00007fff9b6fb000 	C:\WINDOWS\System32\gdi32full.dll
0x00007fff9b550000 - 0x00007fff9b5ed000 	C:\WINDOWS\System32\msvcp_win.dll
0x00007fff9b210000 - 0x00007fff9b310000 	C:\WINDOWS\System32\ucrtbase.dll
0x00007fff89ca0000 - 0x00007fff89f3a000 	C:\WINDOWS\WinSxS\amd64_microsoft.windows.common-controls_6595b64144ccf1df_6.0.19041.844_none_ca00b6081b84eb1d\COMCTL32.dll
0x00007fff9c590000 - 0x00007fff9c5c0000 	C:\WINDOWS\System32\IMM32.DLL
0x00007fff90740000 - 0x00007fff90755000 	C:\Program Files\Java\jre1.8.0_271\bin\vcruntime140.dll
0x00007fff7a520000 - 0x00007fff7a5bb000 	C:\Program Files\Java\jre1.8.0_271\bin\msvcp140.dll
0x000000006ac20000 - 0x000000006b48f000 	C:\Program Files\Java\jre1.8.0_271\bin\server\jvm.dll
0x00007fff9c6f0000 - 0x00007fff9c6f8000 	C:\WINDOWS\System32\PSAPI.DLL
0x00007fff85600000 - 0x00007fff85609000 	C:\WINDOWS\SYSTEM32\WSOCK32.dll
0x00007fff8a890000 - 0x00007fff8a8b7000 	C:\WINDOWS\SYSTEM32\WINMM.dll
0x00007fff93f00000 - 0x00007fff93f0a000 	C:\WINDOWS\SYSTEM32\VERSION.dll
0x00007fff9d090000 - 0x00007fff9d0fb000 	C:\WINDOWS\System32\WS2_32.dll
0x00007fff997c0000 - 0x00007fff997d2000 	C:\WINDOWS\SYSTEM32\kernel.appcore.dll
0x00007fff94150000 - 0x00007fff94160000 	C:\Program Files\Java\jre1.8.0_271\bin\verify.dll
0x00007fff8f120000 - 0x00007fff8f14b000 	C:\Program Files\Java\jre1.8.0_271\bin\java.dll
0x00007fff8e080000 - 0x00007fff8e098000 	C:\Program Files\Java\jre1.8.0_271\bin\zip.dll
0x00007fff9c940000 - 0x00007fff9d082000 	C:\WINDOWS\System32\SHELL32.dll
0x00007fff98ca0000 - 0x00007fff99430000 	C:\WINDOWS\SYSTEM32\windows.storage.dll
0x00007fff9c180000 - 0x00007fff9c4d5000 	C:\WINDOWS\System32\combase.dll
0x00007fff9a890000 - 0x00007fff9a8bc000 	C:\WINDOWS\SYSTEM32\Wldp.dll
0x00007fff9c070000 - 0x00007fff9c11e000 	C:\WINDOWS\System32\SHCORE.dll
0x00007fff9d500000 - 0x00007fff9d555000 	C:\WINDOWS\System32\shlwapi.dll
0x00007fff9add0000 - 0x00007fff9adef000 	C:\WINDOWS\SYSTEM32\profapi.dll
0x0000000180000000 - 0x0000000180025000 	D:\Bureau\Cours\logiciels\mfz-rxtx-2.2-20081207-win-x64\rxtxSerial.dll
0x00007fff99430000 - 0x00007fff99614000 	C:\WINDOWS\SYSTEM32\dbghelp.dll
0x00007fff9b310000 - 0x00007fff9b390000 	C:\WINDOWS\System32\bcryptPrimitives.dll

VM Arguments:
jvm_args: -Djava.library.path=D:\Bureau\Cours\logiciels\mfz-rxtx-2.2-20081207-win-x64 -Dfile.encoding=UTF-8 
java_command: XBeeProject.XBeeProject.App
java_class_path (initial): D:\Bureau\Git\XBeeProject\target\test-classes;D:\Bureau\Git\XBeeProject\target\classes;C:\Users\Anubis\.m2\repository\junit\junit\3.8.1\junit-3.8.1.jar;C:\Users\Anubis\.m2\repository\com\rapplogic\xbee-api\0.9.3\xbee-api-0.9.3.jar;C:\Users\Anubis\.m2\repository\org\rxtx\rxtx\2.1.7\rxtx-2.1.7.jar;C:\Users\Anubis\.m2\repository\log4j\log4j\1.2.17\log4j-1.2.17.jar
Launcher Type: SUN_STANDARD

Environment Variables:
PATH=C:/Program Files/Java/jdk-13.0.2/bin/server;C:/Program Files/Java/jdk-13.0.2/bin;C:\Python39\Scripts\;C:\Python39\;C:\Program Files (x86)\Common Files\Oracle\Java\javapath;C:\Program Files\Microsoft MPI\Bin\;C:\Program Files (x86)\Intel\iCLS Client\;C:\Program Files\Intel\iCLS Client\;C:\Windows\system32;C:\Windows;C:\Windows\System32\Wbem;C:\Windows\System32\WindowsPowerShell\v1.0\;C:\Program Files (x86)\NVIDIA Corporation\PhysX\Common;C:\Program Files (x86)\Intel\Intel(R) Management Engine Components\DAL;C:\Program Files\Intel\Intel(R) Management Engine Components\DAL;C:\Program Files (x86)\Intel\Intel(R) Management Engine Components\IPT;C:\Program Files\Intel\Intel(R) Management Engine Components\IPT;C:\Program Files\Intel\WiFi\bin\;C:\Program Files\Common Files\Intel\WirelessCommon\;C:\WINDOWS;C:\Program Files\Microsoft\Web Platform Installer\;C:\Program Files (x86)\Microsoft ASP.NET\ASP.NET Web Pages\v1.0\;C:\Program Files\dotnet\;D:\Programmes\SQL Server\FonctionnalitesPartagees;D:\wamp64\bin\php\php7.4.13;C:\ProgramData\ComposerSetup\bin;C:\Program Files\Git\cmd;D:\Programmes\SQL Server\FonctionnalitesPartagees\130\Tools\Binn\;C:\Program Files\Java\jdk-13.0.2\bin;D:\Programmes\NodeJS\;C:\ProgramData\chocolatey\bin;d:\Programmes\SQL Server\FonctionnalitesPartagees\Client SDK\ODBC\130\Tools\Binn\;d:\Programmes\SQL Server\FonctionnalitesPartagees\140\DTS\Binn\;d:\Programmes\SQL Server\FonctionnalitesPartagees (x86)\140\DTS\Binn\;C:\Users\Anubis\AppData\Local\Microsoft\WindowsApps;C:\Users\Anubis\AppData\Roaming\Composer\vendor\bin;D:\Programmes\Nmap;C:\Users\Anubis\.dotnet\tools;C:\Users\Anubis\AppData\Local\GitHubDesktop\bin;C:\Users\Anubis\AppData\Roaming\npm;D:\Programmes\Microsoft VS Code\bin;C:\WINDOWS\System32;
USERNAME=Anubis
OS=Windows_NT
PROCESSOR_IDENTIFIER=Intel64 Family 6 Model 158 Stepping 9, GenuineIntel



---------------  S Y S T E M  ---------------

OS: Windows 10.0 , 64 bit Build 19041 (10.0.19041.804)

CPU:total 8 (initial active 8) (4 cores per cpu, 2 threads per core) family 6 model 158 stepping 9, cmov, cx8, fxsr, mmx, sse, sse2, sse3, ssse3, sse4.1, sse4.2, popcnt, avx, avx2, aes, clmul, erms, 3dnowpref, lzcnt, ht, tsc, tscinvbit, bmi1, bmi2, adx

Memory: 4k page, physical 8344532k(2765404k free), swap 11359188k(1800180k free)

vm_info: Java HotSpot(TM) 64-Bit Server VM (25.271-b09) for windows-amd64 JRE (1.8.0_271-b09), built on Sep 16 2020 19:14:59 by "" with MS VC++ 15.9 (VS2017)

time: Wed Mar 17 10:50:42 2021
timezone: Paris, Madrid
elapsed time: 74.454526 seconds (0d 0h 1m 14s)

