#
# A fatal error has been detected by the Java Runtime Environment:
#
#  EXCEPTION_ACCESS_VIOLATION (0xc0000005) at pc=0x0000000180005156, pid=10716, tid=0x0000000000003468
#
# JRE version: Java(TM) SE Runtime Environment (8.0_271-b09) (build 1.8.0_271-b09)
# Java VM: Java HotSpot(TM) 64-Bit Server VM (25.271-b09 mixed mode windows-amd64 compressed oops)
# Problematic frame:
# C  [rxtxSerial.dll+0x5156]
#
# Failed to write core dump. Minidumps are not enabled by default on client versions of Windows
#
# If you would like to submit a bug report, please visit:
#   http://bugreport.java.com/bugreport/crash.jsp
# The crash happened outside the Java Virtual Machine in native code.
# See problematic frame for where to report the bug.
#

---------------  T H R E A D  ---------------

Current thread (0x000001adc0830000):  JavaThread "InputStreamThread" [_thread_in_native, id=13416, stack(0x0000004643a00000,0x0000004643b00000)]

siginfo: ExceptionCode=0xc0000005, reading address 0x00000000439fe978

Registers:
RAX=0x00000000439fe970, RBX=0x0000000000000001, RCX=0x000000018001d4d5, RDX=0xfffffffffffff665
RSP=0x0000004643aff640, RBP=0x000001adc08301f8, RSI=0x0000000000000000, RDI=0x0000000000000000
R8 =0x0000000000000002, R9 =0xfffffffffffff63c, R10=0x0000000000000012, R11=0x8101010101010100
R12=0x00000000439fe970, R13=0x000001adbdffc0e0, R14=0x0000004643aff788, R15=0x00000000ffffffff
RIP=0x0000000180005156, EFLAGS=0x0000000000010206

Top of Stack: (sp=0x0000004643aff640)
0x0000004643aff640:   0000004643aff788 000001adc08301f8
0x0000004643aff650:   0000000000000000 0000000000000000
0x0000004643aff660:   0000000043aff768 0000000000000001
0x0000004643aff670:   0000004643aff6a0 0000000000000000
0x0000004643aff680:   000001adbdffc0e8 000001adbf0d2fc0
0x0000004643aff690:   000001adbdffc0e8 000001adc0830000
0x0000004643aff6a0:   000001adbdffc0e8 000001adc0830000
0x0000004643aff6b0:   00001bbd9feccd36 0000000000000118
0x0000004643aff6c0:   000001adc0830000 0000004643aff788
0x0000004643aff6d0:   000001adbdffc0e0 0000000000000000
0x0000004643aff6e0:   000001ada9d9837d 0000000000000118
0x0000004643aff6f0:   0000004643aff768 000001ada9da9f4e
0x0000004643aff700:   000001adbdffc0e8 0000004643aff768
0x0000004643aff710:   000001adbdffc0e8 000001adc0830000
0x0000004643aff720:   000001ada9da9c02 0000004643aff728
0x0000004643aff730:   000001adbdffc0e0 0000004643aff788 

Instructions: (pc=0x0000000180005156)
0x0000000180005136:   8d 05 d4 79 01 00 48 8b d3 48 8b cd 44 8b f8 89
0x0000000180005146:   7c 24 24 8b f7 e8 c0 e6 ff ff 8d 5f 01 4c 63 e0
0x0000000180005156:   45 8b 74 24 08 41 89 7c 24 08 45 85 ff 78 0b ff
0x0000000180005166:   15 95 1e 01 00 89 44 24 24 90 8b ce ff c6 83 f9 


Register to memory mapping:

RAX=0x00000000439fe970 is an unknown value
RBX=0x0000000000000001 is an unknown value
RCX=0x000000018001d4d5 is an unknown value
RDX=0xfffffffffffff665 is an unknown value
RSP=0x0000004643aff640 is pointing into the stack for thread: 0x000001adc0830000
RBP=0x000001adc08301f8 is an unknown value
RSI=0x0000000000000000 is an unknown value
RDI=0x0000000000000000 is an unknown value
R8 =0x0000000000000002 is an unknown value
R9 =0xfffffffffffff63c is an unknown value
R10=0x0000000000000012 is an unknown value
R11=0x8101010101010100 is an unknown value
R12=0x00000000439fe970 is an unknown value
R13=0x000001adbdffc0e0 is pointing into metadata
R14=0x0000004643aff788 is pointing into the stack for thread: 0x000001adc0830000
R15=0x00000000ffffffff is an unallocated location in the heap


Stack: [0x0000004643a00000,0x0000004643b00000],  sp=0x0000004643aff640,  free space=1021k
Native frames: (J=compiled Java code, j=interpreted, Vv=VM code, C=native code)
C  [rxtxSerial.dll+0x5156]
C  0x000001ada9da9f4e

Java frames: (J=compiled Java code, j=interpreted, Vv=VM code)
j  gnu.io.RXTXPort.readByte()I+0
j  gnu.io.RXTXPort$SerialInputStream.read()I+61
j  com.rapplogic.xbee.api.InputStreamThread.run()V+45
j  java.lang.Thread.run()V+11
v  ~StubRoutines::call_stub

---------------  P R O C E S S  ---------------

Java Threads: ( => current thread )
  0x000001ada8463800 JavaThread "DestroyJavaVM" [_thread_blocked, id=6948, stack(0x0000004642500000,0x0000004642600000)]
=>0x000001adc0830000 JavaThread "InputStreamThread" [_thread_in_native, id=13416, stack(0x0000004643a00000,0x0000004643b00000)]
  0x000001adc082e000 JavaThread "Thread-0" [_thread_blocked, id=6140, stack(0x0000004643900000,0x0000004643a00000)]
  0x000001adc04a8800 JavaThread "Service Thread" daemon [_thread_blocked, id=13756, stack(0x0000004643700000,0x0000004643800000)]
  0x000001adbf0dc000 JavaThread "C1 CompilerThread3" daemon [_thread_blocked, id=8280, stack(0x0000004643600000,0x0000004643700000)]
  0x000001adbf0d5000 JavaThread "C2 CompilerThread2" daemon [_thread_blocked, id=13500, stack(0x0000004643500000,0x0000004643600000)]
  0x000001adbf0c4800 JavaThread "C2 CompilerThread1" daemon [_thread_blocked, id=8920, stack(0x0000004643400000,0x0000004643500000)]
  0x000001adbf0bf800 JavaThread "C2 CompilerThread0" daemon [_thread_blocked, id=6896, stack(0x0000004643300000,0x0000004643400000)]
  0x000001adbf0be000 JavaThread "Attach Listener" daemon [_thread_blocked, id=16972, stack(0x0000004643200000,0x0000004643300000)]
  0x000001adbf0bd000 JavaThread "Signal Dispatcher" daemon [_thread_blocked, id=9600, stack(0x0000004643100000,0x0000004643200000)]
  0x000001adbf09f000 JavaThread "Finalizer" daemon [_thread_blocked, id=12788, stack(0x0000004643000000,0x0000004643100000)]
  0x000001adbf077000 JavaThread "Reference Handler" daemon [_thread_blocked, id=8264, stack(0x0000004642f00000,0x0000004643000000)]

Other Threads:
  0x000001adbe4ad800 VMThread [stack: 0x0000004642e00000,0x0000004642f00000] [id=16552]
  0x000001adc04c4000 WatcherThread [stack: 0x0000004643800000,0x0000004643900000] [id=17316]

VM state:not at safepoint (normal execution)

VM Mutex/Monitor currently owned by a thread: None

heap address: 0x0000000080a00000, size: 2038 MB, Compressed Oops mode: 32-bit
Narrow klass base: 0x0000000000000000, Narrow klass shift: 3
Compressed class space size: 1073741824 Address: 0x0000000100000000

Heap:
 PSYoungGen      total 38400K, used 6673K [0x00000000d5900000, 0x00000000d8380000, 0x0000000100000000)
  eden space 33280K, 20% used [0x00000000d5900000,0x00000000d5f84550,0x00000000d7980000)
  from space 5120K, 0% used [0x00000000d7e80000,0x00000000d7e80000,0x00000000d8380000)
  to   space 5120K, 0% used [0x00000000d7980000,0x00000000d7980000,0x00000000d7e80000)
 ParOldGen       total 87552K, used 0K [0x0000000080a00000, 0x0000000085f80000, 0x00000000d5900000)
  object space 87552K, 0% used [0x0000000080a00000,0x0000000080a00000,0x0000000085f80000)
 Metaspace       used 3889K, capacity 4980K, committed 5120K, reserved 1056768K
  class space    used 459K, capacity 496K, committed 512K, reserved 1048576K

Card table byte_map: [0x000001adb9150000,0x000001adb9550000] byte_map_base: 0x000001adb8d4b000

Marking Bits: (ParMarkBitMap*) 0x000000006b417fe0
 Begin Bits: [0x000001adb9800000, 0x000001adbb7d8000)
 End Bits:   [0x000001adbb7d8000, 0x000001adbd7b0000)

Polling page: 0x000001ada8560000

CodeCache: size=245760Kb used=1660Kb max_used=1660Kb free=244099Kb
 bounds [0x000001ada9d90000, 0x000001adaa000000, 0x000001adb8d90000]
 total_blobs=459 nmethods=211 adapters=161
 compilation: enabled

Compilation events (10 events):
Event: 21.688 Thread 0x000001adbf0dc000  207       3       java.lang.ref.SoftReference::<init> (13 bytes)
Event: 21.688 Thread 0x000001adbf0dc000 nmethod 207 0x000001ada9f21610 code [0x000001ada9f21780, 0x000001ada9f21a78]
Event: 21.688 Thread 0x000001adbf0dc000  208   !   3       java.util.concurrent.ConcurrentHashMap::putVal (362 bytes)
Event: 21.689 Thread 0x000001adbf0dc000 nmethod 208 0x000001ada9f21b90 code [0x000001ada9f21e40, 0x000001ada9f237e0]
Event: 21.691 Thread 0x000001adbf0dc000  210       3       sun.nio.cs.UTF_8$Decoder::decode (779 bytes)
Event: 21.695 Thread 0x000001adbf0dc000 nmethod 210 0x000001ada9f24450 code [0x000001ada9f24a80, 0x000001ada9f294a0]
Event: 21.695 Thread 0x000001adbf0dc000  211       1       java.nio.Buffer::limit (5 bytes)
Event: 21.695 Thread 0x000001adbf0dc000 nmethod 211 0x000001ada9f2c910 code [0x000001ada9f2ca60, 0x000001ada9f2cb78]
Event: 21.695 Thread 0x000001adbf0dc000  209   !   3       sun.misc.URLClassPath$FileLoader::getResource (164 bytes)
Event: 21.696 Thread 0x000001adbf0dc000 nmethod 209 0x000001ada9f2cbd0 code [0x000001ada9f2cf00, 0x000001ada9f2e750]

GC Heap History (0 events):
No events

Deoptimization events (1 events):
Event: 0.962 Thread 0x000001ada8463800 Uncommon trap: reason=unstable_if action=reinterpret pc=0x000001ada9ecfab0 method=java.lang.String.indexOf([CII[CIII)I @ 134

Classes redefined (0 events):
No events

Internal exceptions (10 events):
Event: 0.162 Thread 0x000001ada8463800 Exception <a 'java/lang/ClassNotFoundException': org/apache/log4j/AppenderSkeletonBeanInfo> (0x00000000d5be7660) thrown at [C:\jenkins\workspace\8-2-build-windows-amd64-cygwin\jdk8u271\605\hotspot\src\share\vm\classfile\systemDictionary.cpp, line 212]
Event: 0.162 Thread 0x000001ada8463800 Exception <a 'java/lang/ClassNotFoundException': org/apache/log4j/AppenderSkeletonCustomizer> (0x00000000d5bec130) thrown at [C:\jenkins\workspace\8-2-build-windows-amd64-cygwin\jdk8u271\605\hotspot\src\share\vm\classfile\systemDictionary.cpp, line 212]
Event: 0.164 Thread 0x000001ada8463800 Exception <a 'java/lang/ClassNotFoundException': org/apache/log4j/WriterAppenderCustomizer> (0x00000000d5c03e70) thrown at [C:\jenkins\workspace\8-2-build-windows-amd64-cygwin\jdk8u271\605\hotspot\src\share\vm\classfile\systemDictionary.cpp, line 212]
Event: 0.165 Thread 0x000001ada8463800 Exception <a 'java/lang/ClassNotFoundException': org/apache/log4j/FileAppenderCustomizer> (0x00000000d5c14be0) thrown at [C:\jenkins\workspace\8-2-build-windows-amd64-cygwin\jdk8u271\605\hotspot\src\share\vm\classfile\systemDictionary.cpp, line 212]
Event: 0.167 Thread 0x000001ada8463800 Exception <a 'java/lang/ClassNotFoundException': org/apache/log4j/RollingFileAppenderCustomizer> (0x00000000d5c26088) thrown at [C:\jenkins\workspace\8-2-build-windows-amd64-cygwin\jdk8u271\605\hotspot\src\share\vm\classfile\systemDictionary.cpp, line 212
Event: 0.172 Thread 0x000001ada8463800 Exception <a 'java/lang/NullPointerException'> (0x00000000d5c62340) thrown at [C:\jenkins\workspace\8-2-build-windows-amd64-cygwin\jdk8u271\605\hotspot\src\share\vm\interpreter\linkResolver.cpp, line 1185]
Event: 0.962 Thread 0x000001ada8463800 Exception <a 'java/io/FileNotFoundException'> (0x00000000d5caca80) thrown at [C:\jenkins\workspace\8-2-build-windows-amd64-cygwin\jdk8u271\605\hotspot\src\share\vm\prims\jni.cpp, line 710]
Event: 11.340 Thread 0x000001ada8463800 Exception <a 'java/io/FileNotFoundException'> (0x00000000d5cc6328) thrown at [C:\jenkins\workspace\8-2-build-windows-amd64-cygwin\jdk8u271\605\hotspot\src\share\vm\prims\jni.cpp, line 710]
Event: 11.341 Thread 0x000001ada8463800 Exception <a 'java/io/FileNotFoundException'> (0x00000000d5cd7ed8) thrown at [C:\jenkins\workspace\8-2-build-windows-amd64-cygwin\jdk8u271\605\hotspot\src\share\vm\prims\jni.cpp, line 710]
Event: 21.657 Thread 0x000001ada8463800 Exception <a 'java/io/FileNotFoundException'> (0x00000000d5cf1180) thrown at [C:\jenkins\workspace\8-2-build-windows-amd64-cygwin\jdk8u271\605\hotspot\src\share\vm\prims\jni.cpp, line 710]

Events (10 events):
Event: 21.692 Thread 0x000001ada8463800 Thread exited: 0x000001ada8463800
Event: 21.692 Thread 0x000001ada8463800 Thread added: 0x000001ada8463800
Event: 22.557 loading class gnu/io/SerialPortEvent
Event: 22.557 loading class gnu/io/SerialPortEvent done
Event: 22.557 loading class java/util/EventObject
Event: 22.557 loading class java/util/EventObject done
Event: 22.557 Executing VM operation: RevokeBias
Event: 22.557 Executing VM operation: RevokeBias done
Event: 22.560 Executing VM operation: RevokeBias
Event: 22.560 Executing VM operation: RevokeBias done


Dynamic libraries:
0x00007ff6111b0000 - 0x00007ff6111f7000 	C:\Program Files\Java\jre1.8.0_271\bin\javaw.exe
0x00007fff9d750000 - 0x00007fff9d945000 	C:\WINDOWS\SYSTEM32\ntdll.dll
0x00007fff9d280000 - 0x00007fff9d33d000 	C:\WINDOWS\System32\KERNEL32.DLL
0x00007fff9aef0000 - 0x00007fff9b1b9000 	C:\WINDOWS\System32\KERNELBASE.dll
0x00007fff9d1d0000 - 0x00007fff9d27c000 	C:\WINDOWS\System32\ADVAPI32.dll
0x00007fff9bfd0000 - 0x00007fff9c06e000 	C:\WINDOWS\System32\msvcrt.dll
0x00007fff9c700000 - 0x00007fff9c79c000 	C:\WINDOWS\System32\sechost.dll
0x00007fff9c5c0000 - 0x00007fff9c6eb000 	C:\WINDOWS\System32\RPCRT4.dll
0x00007fff9c7a0000 - 0x00007fff9c940000 	C:\WINDOWS\System32\USER32.dll
0x00007fff9aec0000 - 0x00007fff9aee2000 	C:\WINDOWS\System32\win32u.dll
0x00007fff9d5e0000 - 0x00007fff9d60a000 	C:\WINDOWS\System32\GDI32.dll
0x00007fff9b5f0000 - 0x00007fff9b6fb000 	C:\WINDOWS\System32\gdi32full.dll
0x00007fff9b550000 - 0x00007fff9b5ed000 	C:\WINDOWS\System32\msvcp_win.dll
0x00007fff9b210000 - 0x00007fff9b310000 	C:\WINDOWS\System32\ucrtbase.dll
0x00007fff89ca0000 - 0x00007fff89f3a000 	C:\WINDOWS\WinSxS\amd64_microsoft.windows.common-controls_6595b64144ccf1df_6.0.19041.844_none_ca00b6081b84eb1d\COMCTL32.dll
0x00007fff9c590000 - 0x00007fff9c5c0000 	C:\WINDOWS\System32\IMM32.DLL
0x00007fff950a0000 - 0x00007fff950b5000 	C:\Program Files\Java\jre1.8.0_271\bin\vcruntime140.dll
0x00007fff7ad10000 - 0x00007fff7adab000 	C:\Program Files\Java\jre1.8.0_271\bin\msvcp140.dll
0x000000006ac20000 - 0x000000006b48f000 	C:\Program Files\Java\jre1.8.0_271\bin\server\jvm.dll
0x00007fff9c6f0000 - 0x00007fff9c6f8000 	C:\WINDOWS\System32\PSAPI.DLL
0x00007fff93f00000 - 0x00007fff93f0a000 	C:\WINDOWS\SYSTEM32\VERSION.dll
0x00007fff8a890000 - 0x00007fff8a8b7000 	C:\WINDOWS\SYSTEM32\WINMM.dll
0x00007fff85600000 - 0x00007fff85609000 	C:\WINDOWS\SYSTEM32\WSOCK32.dll
0x00007fff9d090000 - 0x00007fff9d0fb000 	C:\WINDOWS\System32\WS2_32.dll
0x00007fff997c0000 - 0x00007fff997d2000 	C:\WINDOWS\SYSTEM32\kernel.appcore.dll
0x00007fff95070000 - 0x00007fff95080000 	C:\Program Files\Java\jre1.8.0_271\bin\verify.dll
0x00007fff94bb0000 - 0x00007fff94bdb000 	C:\Program Files\Java\jre1.8.0_271\bin\java.dll
0x00007fff93bd0000 - 0x00007fff93be8000 	C:\Program Files\Java\jre1.8.0_271\bin\zip.dll
0x00007fff9c940000 - 0x00007fff9d082000 	C:\WINDOWS\System32\SHELL32.dll
0x00007fff98ca0000 - 0x00007fff99430000 	C:\WINDOWS\SYSTEM32\windows.storage.dll
0x00007fff9c180000 - 0x00007fff9c4d5000 	C:\WINDOWS\System32\combase.dll
0x00007fff9a890000 - 0x00007fff9a8bc000 	C:\WINDOWS\SYSTEM32\Wldp.dll
0x00007fff9c070000 - 0x00007fff9c11e000 	C:\WINDOWS\System32\SHCORE.dll
0x00007fff9d500000 - 0x00007fff9d555000 	C:\WINDOWS\System32\shlwapi.dll
0x00007fff9add0000 - 0x00007fff9adef000 	C:\WINDOWS\SYSTEM32\profapi.dll
0x0000000180000000 - 0x0000000180025000 	D:\Bureau\Téléchargements\rxtxSerial.dll
0x00007fff99430000 - 0x00007fff99614000 	C:\WINDOWS\SYSTEM32\dbghelp.dll
0x00007fff9b310000 - 0x00007fff9b390000 	C:\WINDOWS\System32\bcryptPrimitives.dll

VM Arguments:
jvm_args: -Djava.library.path=D:\Bureau\Téléchargements;D:\Bureau\Cours\logiciels\mfz-rxtx-2.2-20081207-win-x64 -Dfile.encoding=UTF-8 
java_command: XBeeProject.XBeeProject.App
java_class_path (initial): D:\Bureau\Git\XBeeProject\target\test-classes;D:\Bureau\Git\XBeeProject\target\classes;C:\Users\Anubis\.m2\repository\junit\junit\3.8.1\junit-3.8.1.jar;C:\Users\Anubis\.m2\repository\com\rapplogic\xbee-api\0.9.3\xbee-api-0.9.3.jar;C:\Users\Anubis\.m2\repository\org\rxtx\rxtx\2.1.7\rxtx-2.1.7.jar;C:\Users\Anubis\.m2\repository\log4j\log4j\1.2.17\log4j-1.2.17.jar
Launcher Type: SUN_STANDARD

Environment Variables:
PATH=C:/Program Files/Java/jdk-13.0.2/bin/server;C:/Program Files/Java/jdk-13.0.2/bin;C:\Python39\Scripts\;C:\Python39\;C:\Program Files (x86)\Common Files\Oracle\Java\javapath;C:\Program Files\Microsoft MPI\Bin\;C:\Program Files (x86)\Intel\iCLS Client\;C:\Program Files\Intel\iCLS Client\;C:\Windows\system32;C:\Windows;C:\Windows\System32\Wbem;C:\Windows\System32\WindowsPowerShell\v1.0\;C:\Program Files (x86)\NVIDIA Corporation\PhysX\Common;C:\Program Files (x86)\Intel\Intel(R) Management Engine Components\DAL;C:\Program Files\Intel\Intel(R) Management Engine Components\DAL;C:\Program Files (x86)\Intel\Intel(R) Management Engine Components\IPT;C:\Program Files\Intel\Intel(R) Management Engine Components\IPT;C:\Program Files\Intel\WiFi\bin\;C:\Program Files\Common Files\Intel\WirelessCommon\;C:\WINDOWS;C:\Program Files\Microsoft\Web Platform Installer\;C:\Program Files (x86)\Microsoft ASP.NET\ASP.NET Web Pages\v1.0\;C:\Program Files\dotnet\;D:\Programmes\SQL Server\FonctionnalitesPartagees;D:\wamp64\bin\php\php7.4.13;C:\ProgramData\ComposerSetup\bin;C:\Program Files\Git\cmd;D:\Programmes\SQL Server\FonctionnalitesPartagees\130\Tools\Binn\;C:\Program Files\Java\jdk-13.0.2\bin;D:\Programmes\NodeJS\;C:\ProgramData\chocolatey\bin;d:\Programmes\SQL Server\FonctionnalitesPartagees\Client SDK\ODBC\130\Tools\Binn\;d:\Programmes\SQL Server\FonctionnalitesPartagees\140\DTS\Binn\;d:\Programmes\SQL Server\FonctionnalitesPartagees (x86)\140\DTS\Binn\;C:\Users\Anubis\AppData\Local\Microsoft\WindowsApps;C:\Users\Anubis\AppData\Roaming\Composer\vendor\bin;D:\Programmes\Nmap;C:\Users\Anubis\.dotnet\tools;C:\Users\Anubis\AppData\Local\GitHubDesktop\bin;C:\Users\Anubis\AppData\Roaming\npm;D:\Programmes\Microsoft VS Code\bin;C:\WINDOWS\System32;
USERNAME=Anubis
OS=Windows_NT
PROCESSOR_IDENTIFIER=Intel64 Family 6 Model 158 Stepping 9, GenuineIntel



---------------  S Y S T E M  ---------------

OS: Windows 10.0 , 64 bit Build 19041 (10.0.19041.804)

CPU:total 8 (initial active 8) (4 cores per cpu, 2 threads per core) family 6 model 158 stepping 9, cmov, cx8, fxsr, mmx, sse, sse2, sse3, ssse3, sse4.1, sse4.2, popcnt, avx, avx2, aes, clmul, erms, 3dnowpref, lzcnt, ht, tsc, tscinvbit, bmi1, bmi2, adx

Memory: 4k page, physical 8344532k(2276044k free), swap 12420600k(2135596k free)

vm_info: Java HotSpot(TM) 64-Bit Server VM (25.271-b09) for windows-amd64 JRE (1.8.0_271-b09), built on Sep 16 2020 19:14:59 by "" with MS VC++ 15.9 (VS2017)

time: Wed Mar 17 11:49:13 2021
timezone: Paris, Madrid
elapsed time: 22.576865 seconds (0d 0h 0m 22s)

